<?xml version="1.0" encoding="UTF-8"?>
<testng-results skipped="0" failed="0" ignored="0" total="1" passed="1">
  <reporter-output>
  </reporter-output>
  <suite name="Default suite" duration-ms="17598" started-at="2019-08-06T18:07:40Z" finished-at="2019-08-06T18:07:58Z">
    <groups>
    </groups>
    <test name="Default test" duration-ms="17598" started-at="2019-08-06T18:07:40Z" finished-at="2019-08-06T18:07:58Z">
      <class name="sikuli.Sikulitest">
        <test-method status="PASS" signature="setUp()[pri:0, instance:sikuli.Sikulitest@4493d195]" name="setUp" is-config="true" duration-ms="8840" started-at="2019-08-06T18:07:40Z" finished-at="2019-08-06T18:07:49Z">
          <reporter-output>
          </reporter-output>
        </test-method> <!-- setUp -->
        <test-method status="PASS" signature="testUploading()[pri:0, instance:sikuli.Sikulitest@4493d195]" name="testUploading" duration-ms="8717" started-at="2019-08-06T18:07:49Z" finished-at="2019-08-06T18:07:58Z">
          <reporter-output>
          </reporter-output>
        </test-method> <!-- testUploading -->
        <test-method status="PASS" signature="tearDown()[pri:0, instance:sikuli.Sikulitest@4493d195]" name="tearDown" is-config="true" duration-ms="2" started-at="2019-08-06T18:07:58Z" finished-at="2019-08-06T18:07:58Z">
          <reporter-output>
          </reporter-output>
        </test-method> <!-- tearDown -->
      </class> <!-- sikuli.Sikulitest -->
    </test> <!-- Default test -->
  </suite> <!-- Default suite -->
</testng-results>
